<?xml version="1.0" encoding="UTF-8"?>
<!-- Generated by org.testng.reporters.JUnitReportReporter -->
<testsuite skipped="0" hostname="Lincoln-PC" name="Tests.ProductDetailTests" tests="3" failures="0" timestamp="16 Jul 2021 19:15:18 GMT" time="13.362" errors="0">
  <testcase name="addProductFromDetailTest" time="2.782" classname="Tests.ProductDetailTests"/>
  <testcase name="addAndRemoveProductFromDetailTest" time="8.031" classname="Tests.ProductDetailTests"/>
  <testcase name="productDetailTest" time="2.549" classname="Tests.ProductDetailTests"/>
</testsuite> <!-- Tests.ProductDetailTests -->
