<?xml version="1.0" encoding="UTF-8"?>
<!-- Generated by org.testng.reporters.JUnitReportReporter -->
<testsuite skipped="0" hostname="Lincoln-PC" name="Tests.ShoppingCartTests" tests="3" failures="0" timestamp="16 Jul 2021 19:15:18 GMT" time="18.697" errors="0">
  <testcase name="emptyCartTest" time="7.680" classname="Tests.ShoppingCartTests"/>
  <testcase name="removeProductsFromCartTest" time="8.231" classname="Tests.ShoppingCartTests"/>
  <testcase name="addOneProductFromInventoryTest" time="2.786" classname="Tests.ShoppingCartTests"/>
</testsuite> <!-- Tests.ShoppingCartTests -->
