<?xml version="1.0" encoding="UTF-8"?>
<!-- Generated by org.testng.reporters.JUnitReportReporter -->
<testsuite skipped="0" hostname="Lincoln-PC" name="Tests.ShoppingCartTests" tests="3" failures="0" timestamp="17 Jul 2021 03:08:54 GMT" time="18.721" errors="0">
  <testcase name="emptyCartTest" time="7.764" classname="Tests.ShoppingCartTests"/>
  <testcase name="removeProductsFromCartTest" time="8.215" classname="Tests.ShoppingCartTests"/>
  <testcase name="addOneProductFromInventoryTest" time="2.742" classname="Tests.ShoppingCartTests"/>
</testsuite> <!-- Tests.ShoppingCartTests -->
