<?xml version="1.0" encoding="UTF-8"?>
<!-- Generated by org.testng.reporters.JUnitReportReporter -->
<testsuite skipped="0" hostname="Lincoln-PC" name="Tests.PurchaseFlowTests" tests="3" failures="0" timestamp="17 Jul 2021 03:08:54 GMT" time="10.016" errors="0">
  <testcase name="verifySuccesfulPurchaseTest" time="3.484" classname="Tests.PurchaseFlowTests"/>
  <testcase name="checkoutInfoTest" time="2.941" classname="Tests.PurchaseFlowTests"/>
  <testcase name="verifyTotalTest" time="3.591" classname="Tests.PurchaseFlowTests"/>
</testsuite> <!-- Tests.PurchaseFlowTests -->
