<?xml version="1.0" encoding="UTF-8"?>
<!-- Generated by org.testng.reporters.JUnitReportReporter -->
<testsuite skipped="0" hostname="LAPTOP-USMVG492" name="Tests.Frontend.LoginTests" tests="4" failures="0" timestamp="11 jul 2021 03:38:20 GMT" time="23.705" errors="0">
  <testcase name="failedPasswordLogin" time="7.494" classname="Tests.Frontend.LoginTests"/>
  <testcase name="lockedLogin" time="6.624" classname="Tests.Frontend.LoginTests"/>
  <testcase name="successLogin" time="4.246" classname="Tests.Frontend.LoginTests"/>
  <testcase name="failedUserLogin" time="5.341" classname="Tests.Frontend.LoginTests"/>
</testsuite> <!-- Tests.Frontend.LoginTests -->
