<?xml version="1.0" encoding="UTF-8"?>
<!-- Generated by org.testng.reporters.JUnitReportReporter -->
<testsuite skipped="0" hostname="Lincoln-PC" name="Tests.LoginTests" tests="6" failures="0" timestamp="17 Jul 2021 03:08:54 GMT" time="15.297" errors="0">
  <testcase name="emptyUsernameTest" time="2.507" classname="Tests.LoginTests"/>
  <testcase name="emptyPasswordTest" time="2.539" classname="Tests.LoginTests"/>
  <testcase name="wrongPasswordTest" time="2.323" classname="Tests.LoginTests"/>
  <testcase name="validLoginTest" time="2.448" classname="Tests.LoginTests"/>
  <testcase name="wrongUsernameTest" time="3.078" classname="Tests.LoginTests"/>
  <testcase name="invalidLoginTest" time="2.402" classname="Tests.LoginTests"/>
</testsuite> <!-- Tests.LoginTests -->
