<?xml version="1.0" encoding="UTF-8"?>
<!-- Generated by org.testng.reporters.JUnitReportReporter -->
<testsuite skipped="0" hostname="Lincoln-PC" name="Tests.InventoryTests" tests="8" failures="0" timestamp="16 Jul 2021 19:15:18 GMT" time="33.087" errors="0">
  <testcase name="sortByAlphabeticDescendantTest" time="2.758" classname="Tests.InventoryTests"/>
  <testcase name="addAndRemoveOneProductFromInventoryTest" time="8.142" classname="Tests.InventoryTests"/>
  <testcase name="addAndRemoveMultipleProductFromInventoryTest" time="8.423" classname="Tests.InventoryTests"/>
  <testcase name="addMultipleProductsFromInventoryTest" time="2.895" classname="Tests.InventoryTests"/>
  <testcase name="addOneProductFromInventoryTest" time="2.725" classname="Tests.InventoryTests"/>
  <testcase name="inventoryTest" time="2.461" classname="Tests.InventoryTests"/>
  <testcase name="sortByPriceDescendantTest" time="2.828" classname="Tests.InventoryTests"/>
  <testcase name="sortByPriceAscendantTest" time="2.855" classname="Tests.InventoryTests"/>
</testsuite> <!-- Tests.InventoryTests -->
