<?xml version="1.0" encoding="UTF-8"?>
<!-- Generated by org.testng.reporters.JUnitReportReporter -->
<testsuite skipped="0" hostname="Lincoln-PC" name="Tests.ProductDetailTests" tests="3" failures="0" timestamp="17 Jul 2021 03:08:54 GMT" time="13.505" errors="0">
  <testcase name="productDetailTest" time="2.626" classname="Tests.ProductDetailTests"/>
  <testcase name="addAndRemoveProductFromDetailTest" time="8.132" classname="Tests.ProductDetailTests"/>
  <testcase name="addProductFromDetailTest" time="2.747" classname="Tests.ProductDetailTests"/>
</testsuite> <!-- Tests.ProductDetailTests -->
