<?xml version="1.0" encoding="UTF-8"?>
<!-- Generated by org.testng.reporters.JUnitReportReporter -->
<testsuite skipped="0" hostname="Lincoln-PC" name="Tests.InventoryTests" tests="8" failures="0" timestamp="17 Jul 2021 03:08:54 GMT" time="32.888" errors="0">
  <testcase name="addAndRemoveOneProductFromInventoryTest" time="8.130" classname="Tests.InventoryTests"/>
  <testcase name="addOneProductFromInventoryTest" time="2.836" classname="Tests.InventoryTests"/>
  <testcase name="addAndRemoveMultipleProductFromInventoryTest" time="8.384" classname="Tests.InventoryTests"/>
  <testcase name="sortByPriceDescendantTest" time="2.699" classname="Tests.InventoryTests"/>
  <testcase name="sortByAlphabeticDescendantTest" time="2.683" classname="Tests.InventoryTests"/>
  <testcase name="addMultipleProductsFromInventoryTest" time="2.901" classname="Tests.InventoryTests"/>
  <testcase name="inventoryTest" time="2.498" classname="Tests.InventoryTests"/>
  <testcase name="sortByPriceAscendantTest" time="2.757" classname="Tests.InventoryTests"/>
</testsuite> <!-- Tests.InventoryTests -->
