<?xml version="1.0" encoding="UTF-8"?>
<!-- Generated by org.testng.reporters.JUnitReportReporter -->
<testsuite skipped="0" hostname="Lincoln-PC" name="Tests.PurchaseFlowTests" tests="3" failures="0" timestamp="16 Jul 2021 19:15:18 GMT" time="9.786" errors="0">
  <testcase name="checkoutInfoTest" time="2.846" classname="Tests.PurchaseFlowTests"/>
  <testcase name="verifySuccesfulPurchaseTest" time="3.465" classname="Tests.PurchaseFlowTests"/>
  <testcase name="verifyTotalTest" time="3.475" classname="Tests.PurchaseFlowTests"/>
</testsuite> <!-- Tests.PurchaseFlowTests -->
