<?xml version="1.0" encoding="UTF-8"?>
<!-- Generated by org.testng.reporters.JUnitReportReporter -->
<testsuite skipped="0" hostname="Lincoln-PC" name="Tests.LoginTests" tests="6" failures="0" timestamp="16 Jul 2021 19:15:18 GMT" time="15.001" errors="0">
  <testcase name="wrongUsernameTest" time="2.308" classname="Tests.LoginTests"/>
  <testcase name="emptyUsernameTest" time="2.294" classname="Tests.LoginTests"/>
  <testcase name="wrongPasswordTest" time="3.193" classname="Tests.LoginTests"/>
  <testcase name="emptyPasswordTest" time="2.490" classname="Tests.LoginTests"/>
  <testcase name="validLoginTest" time="2.406" classname="Tests.LoginTests"/>
  <testcase name="invalidLoginTest" time="2.310" classname="Tests.LoginTests"/>
</testsuite> <!-- Tests.LoginTests -->
