<?xml version="1.0" encoding="UTF-8"?>
<!-- Generated by org.testng.reporters.JUnitReportReporter -->
<testsuite skipped="0" hostname="LAPTOP-USMVG492" name="Tests.Frontend.SauceDemoTest" tests="22" failures="0" timestamp="14 Jul 2021 18:37:44 GMT" time="119.664" errors="0">
  <testcase name="checkOutStepOneContinue" time="6.580" classname="Tests.Frontend.SauceDemoTest"/>
  <testcase name="successLogin" time="9.954" classname="Tests.Frontend.SauceDemoTest"/>
  <testcase name="productOutCart" time="5.850" classname="Tests.Frontend.SauceDemoTest"/>
  <testcase name="emptyPasswordLogin" time="3.223" classname="Tests.Frontend.SauceDemoTest"/>
  <testcase name="lockedLogin" time="3.268" classname="Tests.Frontend.SauceDemoTest"/>
  <testcase name="sortedPriceLoToHi" time="5.415" classname="Tests.Frontend.SauceDemoTest"/>
  <testcase name="emptyUserLogin" time="3.383" classname="Tests.Frontend.SauceDemoTest"/>
  <testcase name="failedPasswordLogin" time="4.852" classname="Tests.Frontend.SauceDemoTest"/>
  <testcase name="productIntoCart" time="5.034" classname="Tests.Frontend.SauceDemoTest"/>
  <testcase name="sortedAtoZ" time="5.344" classname="Tests.Frontend.SauceDemoTest"/>
  <testcase name="checkOutStepOneCancelPurchase" time="6.901" classname="Tests.Frontend.SauceDemoTest"/>
  <testcase name="checkOutStepOneLastNameError" time="8.402" classname="Tests.Frontend.SauceDemoTest"/>
  <testcase name="socialMediaLinks" time="3.725" classname="Tests.Frontend.SauceDemoTest"/>
  <testcase name="checkOutStepOnePostalCodeError" time="6.229" classname="Tests.Frontend.SauceDemoTest"/>
  <testcase name="checkOutStepTwoCancel" time="6.091" classname="Tests.Frontend.SauceDemoTest"/>
  <testcase name="sortedZtoA" time="4.380" classname="Tests.Frontend.SauceDemoTest"/>
  <testcase name="checkoutComplete" time="6.214" classname="Tests.Frontend.SauceDemoTest"/>
  <testcase name="visualizeMenu" time="4.218" classname="Tests.Frontend.SauceDemoTest"/>
  <testcase name="checkOutStepOneNameError" time="7.826" classname="Tests.Frontend.SauceDemoTest"/>
  <testcase name="resetApp" time="5.183" classname="Tests.Frontend.SauceDemoTest"/>
  <testcase name="sortedPriceHiToLo" time="4.132" classname="Tests.Frontend.SauceDemoTest"/>
  <testcase name="failedUserLogin" time="3.460" classname="Tests.Frontend.SauceDemoTest"/>
</testsuite> <!-- Tests.Frontend.SauceDemoTest -->
