<?xml version="1.0" encoding="UTF-8"?>
<!-- Generated by org.testng.reporters.JUnitReportReporter -->
<testsuite skipped="0" hostname="Lincoln-PC" name="Tests.InventoryTests" tests="8" failures="0" timestamp="16 Jul 2021 19:56:51 GMT" time="34.893" errors="0">
  <testcase name="addMultipleProductsFromInventoryTest" time="3.234" classname="Tests.InventoryTests"/>
  <testcase name="addAndRemoveOneProductFromInventoryTest" time="8.247" classname="Tests.InventoryTests"/>
  <testcase name="sortByAlphabeticDescendantTest" time="2.740" classname="Tests.InventoryTests"/>
  <testcase name="inventoryTest" time="2.543" classname="Tests.InventoryTests"/>
  <testcase name="sortByPriceAscendantTest" time="3.785" classname="Tests.InventoryTests"/>
  <testcase name="addAndRemoveMultipleProductFromInventoryTest" time="8.760" classname="Tests.InventoryTests"/>
  <testcase name="addOneProductFromInventoryTest" time="2.748" classname="Tests.InventoryTests"/>
  <testcase name="sortByPriceDescendantTest" time="2.836" classname="Tests.InventoryTests"/>
</testsuite> <!-- Tests.InventoryTests -->
